<?xml version="1.0" encoding="UTF-8"?>
<!-- Generated by org.testng.reporters.JUnitReportReporter -->
<testsuite hostname="DESKTOP-BFHR508" failures="0" tests="1" name="Runner.TestRunner" time="36.148" errors="0" timestamp="2024-03-24T23:50:20 IST" skipped="0">
  <testcase classname="Runner.TestRunner" name="scenario" time="36.148"/>
</testsuite> <!-- Runner.TestRunner -->
